72 error Error: Command failed with exit code 1: git commit -m chore(release): release v0.3.11
72 error
72 error > lint-staged
72 error > lint-staged
72 error
72 error [2m◼[22m Preparing lint-staged...
72 error [2K[1A[2K[G[2m◼[22m Preparing lint-staged...
72 error [2m◼[22m Running tasks for staged files...
72 error [2K[1A[2K[1A[2K[G[2m◼[22m Preparing lint-staged...
72 error [2m◼[22m Running tasks for staged files...
72 error [2m◼[22m Applying modifications from tasks...
72 error [2K[1A[2K[1A[2K[1A[2K[G[2m◼[22m Preparing lint-staged...
72 error [2m◼[22m Running tasks for staged files...
72 error [2m◼[22m Applying modifications from tasks...
72 error [2m◼[22m Cleaning up temporary files...
72 error [2K[1A[2K[1A[2K[1A[2K[1A[2K[G[93m⠋[39m Preparing lint-staged...
72 error [2m◼[22m Running tasks for staged files...
72 error [2m◼[22m Applying modifications from tasks...
72 error [2m◼[22m Cleaning up temporary files...
72 error [2K[1A[2K[1A[2K[1A[2K[1A[2K[G[93m⠙[39m Preparing lint-staged...
72 error [2m◼[22m Running tasks for staged files...
72 error [2m◼[22m Applying modifications from tasks...
72 error [2m◼[22m Cleaning up temporary files...
72 error [2K[1A[2K[1A[2K[1A[2K[1A[2K[G[93m⠹[39m Preparing lint-staged...
72 error [2m◼[22m Running tasks for staged files...
72 error [2m◼[22m Applying modifications from tasks...
72 error [2m◼[22m Cleaning up temporary files...
72 error [2K[1A[2K[1A[2K[1A[2K[1A[2K[G[32m✔[39m Preparing lint-staged...
72 error [2m◼[22m Running tasks for staged files...
72 error [2m◼[22m Applying modifications from tasks...
72 error [2m◼[22m Cleaning up temporary files...
72 error [2K[1A[2K[1A[2K[1A[2K[1A[2K[G[32m✔[39m Preparing lint-staged...
72 error [93m⠹[39m Running tasks for staged files...
72 error [2m◼[22m Applying modifications from tasks...
72 error [2m◼[22m Cleaning up temporary files...
72 error [2K[1A[2K[1A[2K[1A[2K[1A[2K[G[32m✔[39m Preparing lint-staged...
72 error [33m❯[39m Running tasks for staged files...
72 error [2m◼[22m Applying modifications from tasks...
72 error [2m◼[22m Cleaning up temporary files...
72 error [2K[1A[2K[1A[2K[1A[2K[1A[2K[G[32m✔[39m Preparing lint-staged...
72 error [33m❯[39m Running tasks for staged files...
72 error   [2m◼[22m package.json[2m — 11 files[22m
72 error [2m◼[22m Applying modifications from tasks...
72 error [2m◼[22m Cleaning up temporary files...
72 error [2K[1A[2K[1A[2K[1A[2K[1A[2K[1A[2K[G[32m✔[39m Preparing lint-staged...
72 error [33m❯[39m Running tasks for staged files...
72 error   [93m⠹[39m package.json[2m — 11 files[22m
72 error [2m◼[22m Applying modifications from tasks...
72 error [2m◼[22m Cleaning up temporary files...
72 error [2K[1A[2K[1A[2K[1A[2K[1A[2K[1A[2K[G[32m✔[39m Preparing lint-staged...
72 error [33m❯[39m Running tasks for staged files...
72 error   [33m❯[39m package.json[2m — 11 files[22m
72 error [2m◼[22m Applying modifications from tasks...
72 error [2m◼[22m Cleaning up temporary files...
72 error [2K[1A[2K[1A[2K[1A[2K[1A[2K[1A[2K[G[32m✔[39m Preparing lint-staged...
72 error [33m❯[39m Running tasks for staged files...
72 error   [33m❯[39m package.json[2m — 11 files[22m
72 error     [2m◼[22m *.{ts,js,json,md}[2m — 11 files[22m
72 error [2m◼[22m Applying modifications from tasks...
72 error [2m◼[22m Cleaning up temporary files...
72 error [2K[1A[2K[1A[2K[1A[2K[1A[2K[1A[2K[1A[2K[G[32m✔[39m Preparing lint-staged...
72 error [33m❯[39m Running tasks for staged files...
72 error   [33m❯[39m package.json[2m — 11 files[22m
72 error     [93m⠹[39m *.{ts,js,json,md}[2m — 11 files[22m
72 error [2m◼[22m Applying modifications from tasks...
72 error [2m◼[22m Cleaning up temporary files...
72 error [2K[1A[2K[1A[2K[1A[2K[1A[2K[1A[2K[1A[2K[G[32m✔[39m Preparing lint-staged...
72 error [33m❯[39m Running tasks for staged files...
72 error   [33m❯[39m package.json[2m — 11 files[22m
72 error     [33m❯[39m *.{ts,js,json,md}[2m — 11 files[22m
72 error [2m◼[22m Applying modifications from tasks...
72 error [2m◼[22m Cleaning up temporary files...
72 error [2K[1A[2K[1A[2K[1A[2K[1A[2K[1A[2K[1A[2K[G[32m✔[39m Preparing lint-staged...
72 error [33m❯[39m Running tasks for staged files...
72 error   [33m❯[39m package.json[2m — 11 files[22m
72 error     [33m❯[39m *.{ts,js,json,md}[2m — 11 files[22m
72 error       [2m◼[22m npm run format
72 error [2m◼[22m Applying modifications from tasks...
72 error [2m◼[22m Cleaning up temporary files...
72 error [2K[1A[2K[1A[2K[1A[2K[1A[2K[1A[2K[1A[2K[1A[2K[G[32m✔[39m Preparing lint-staged...
72 error [33m❯[39m Running tasks for staged files...
72 error   [33m❯[39m package.json[2m — 11 files[22m
72 error     [33m❯[39m *.{ts,js,json,md}[2m — 11 files[22m
72 error       [93m⠹[39m npm run format
72 error [2m◼[22m Applying modifications from tasks...
72 error [2m◼[22m Cleaning up temporary files...
72 error [2K[1A[2K[1A[2K[1A[2K[1A[2K[1A[2K[1A[2K[1A[2K[G[32m✔[39m Preparing lint-staged...
72 error [33m❯[39m Running tasks for staged files...
72 error   [33m❯[39m package.json[2m — 11 files[22m
72 error     [33m❯[39m *.{ts,js,json,md}[2m — 11 files[22m
72 error       [93m⠸[39m npm run format
72 error [2m◼[22m Applying modifications from tasks...
72 error [2m◼[22m Cleaning up temporary files...
72 error [2K[1A[2K[1A[2K[1A[2K[1A[2K[1A[2K[1A[2K[1A[2K[G[32m✔[39m Preparing lint-staged...
72 error [33m❯[39m Running tasks for staged files...
72 error   [33m❯[39m package.json[2m — 11 files[22m
72 error     [33m❯[39m *.{ts,js,json,md}[2m — 11 files[22m
72 error       [93m⠼[39m npm run format
72 error [2m◼[22m Applying modifications from tasks...
72 error [2m◼[22m Cleaning up temporary files...
72 error [2K[1A[2K[1A[2K[1A[2K[1A[2K[1A[2K[1A[2K[1A[2K[G[32m✔[39m Preparing lint-staged...
72 error [33m❯[39m Running tasks for staged files...
72 error   [33m❯[39m package.json[2m — 11 files[22m
72 error     [33m❯[39m *.{ts,js,json,md}[2m — 11 files[22m
72 error       [93m⠴[39m npm run format
72 error [2m◼[22m Applying modifications from tasks...
72 error [2m◼[22m Cleaning up temporary files...
72 error [2K[1A[2K[1A[2K[1A[2K[1A[2K[1A[2K[1A[2K[1A[2K[G[32m✔[39m Preparing lint-staged...
72 error [33m❯[39m Running tasks for staged files...
72 error   [33m❯[39m package.json[2m — 11 files[22m
72 error     [33m❯[39m *.{ts,js,json,md}[2m — 11 files[22m
72 error       [93m⠦[39m npm run format
72 error [2m◼[22m Applying modifications from tasks...
72 error [2m◼[22m Cleaning up temporary files...
72 error [2K[1A[2K[1A[2K[1A[2K[1A[2K[1A[2K[1A[2K[1A[2K[G[32m✔[39m Preparing lint-staged...
72 error [33m❯[39m Running tasks for staged files...
72 error   [33m❯[39m package.json[2m — 11 files[22m
72 error     [33m❯[39m *.{ts,js,json,md}[2m — 11 files[22m
72 error       [93m⠧[39m npm run format
72 error [2m◼[22m Applying modifications from tasks...
72 error [2m◼[22m Cleaning up temporary files...
72 error [2K[1A[2K[1A[2K[1A[2K[1A[2K[1A[2K[1A[2K[1A[2K[G[32m✔[39m Preparing lint-staged...
72 error [33m❯[39m Running tasks for staged files...
72 error   [33m❯[39m package.json[2m — 11 files[22m
72 error     [33m❯[39m *.{ts,js,json,md}[2m — 11 files[22m
72 error       [93m⠇[39m npm run format
72 error [2m◼[22m Applying modifications from tasks...
72 error [2m◼[22m Cleaning up temporary files...
72 error [2K[1A[2K[1A[2K[1A[2K[1A[2K[1A[2K[1A[2K[1A[2K[G[32m✔[39m Preparing lint-staged...
72 error [33m❯[39m Running tasks for staged files...
72 error   [33m❯[39m package.json[2m — 11 files[22m
72 error     [33m❯[39m *.{ts,js,json,md}[2m — 11 files[22m
72 error       [93m⠏[39m npm run format
72 error [2m◼[22m Applying modifications from tasks...
72 error [2m◼[22m Cleaning up temporary files...
72 error [2K[1A[2K[1A[2K[1A[2K[1A[2K[1A[2K[1A[2K[1A[2K[G[32m✔[39m Preparing lint-staged...
72 error [33m❯[39m Running tasks for staged files...
72 error   [33m❯[39m package.json[2m — 11 files[22m
72 error     [33m❯[39m *.{ts,js,json,md}[2m — 11 files[22m
72 error       [93m⠋[39m npm run format
72 error [2m◼[22m Applying modifications from tasks...
72 error [2m◼[22m Cleaning up temporary files...
72 error [2K[1A[2K[1A[2K[1A[2K[1A[2K[1A[2K[1A[2K[1A[2K[G[32m✔[39m Preparing lint-staged...
72 error [33m❯[39m Running tasks for staged files...
72 error   [33m❯[39m package.json[2m — 11 files[22m
72 error     [33m❯[39m *.{ts,js,json,md}[2m — 11 files[22m
72 error       [93m⠙[39m npm run format
72 error [2m◼[22m Applying modifications from tasks...
72 error [2m◼[22m Cleaning up temporary files...
72 error [2K[1A[2K[1A[2K[1A[2K[1A[2K[1A[2K[1A[2K[1A[2K[G[32m✔[39m Preparing lint-staged...
72 error [33m❯[39m Running tasks for staged files...
72 error   [33m❯[39m package.json[2m — 11 files[22m
72 error     [33m❯[39m *.{ts,js,json,md}[2m — 11 files[22m
72 error       [93m⠹[39m npm run format
72 error [2m◼[22m Applying modifications from tasks...
72 error [2m◼[22m Cleaning up temporary files...
72 error [2K[1A[2K[1A[2K[1A[2K[1A[2K[1A[2K[1A[2K[1A[2K[G[32m✔[39m Preparing lint-staged...
72 error [33m❯[39m Running tasks for staged files...
72 error   [33m❯[39m package.json[2m — 11 files[22m
72 error     [33m❯[39m *.{ts,js,json,md}[2m — 11 files[22m
72 error       [93m⠸[39m npm run format
72 error [2m◼[22m Applying modifications from tasks...
72 error [2m◼[22m Cleaning up temporary files...
72 error [2K[1A[2K[1A[2K[1A[2K[1A[2K[1A[2K[1A[2K[1A[2K[G[32m✔[39m Preparing lint-staged...
72 error [33m❯[39m Running tasks for staged files...
72 error   [33m❯[39m package.json[2m — 11 files[22m
72 error     [33m❯[39m *.{ts,js,json,md}[2m — 11 files[22m
72 error       [93m⠼[39m npm run format
72 error [2m◼[22m Applying modifications from tasks...
72 error [2m◼[22m Cleaning up temporary files...
72 error [2K[1A[2K[1A[2K[1A[2K[1A[2K[1A[2K[1A[2K[1A[2K[G[32m✔[39m Preparing lint-staged...
72 error [33m❯[39m Running tasks for staged files...
72 error   [33m❯[39m package.json[2m — 11 files[22m
72 error     [33m❯[39m *.{ts,js,json,md}[2m — 11 files[22m
72 error       [93m⠴[39m npm run format
72 error [2m◼[22m Applying modifications from tasks...
72 error [2m◼[22m Cleaning up temporary files...
72 error [2K[1A[2K[1A[2K[1A[2K[1A[2K[1A[2K[1A[2K[1A[2K[G[32m✔[39m Preparing lint-staged...
72 error [33m❯[39m Running tasks for staged files...
72 error   [33m❯[39m package.json[2m — 11 files[22m
72 error     [33m❯[39m *.{ts,js,json,md}[2m — 11 files[22m
72 error       [93m⠦[39m npm run format
72 error [2m◼[22m Applying modifications from tasks...
72 error [2m◼[22m Cleaning up temporary files...
72 error [2K[1A[2K[1A[2K[1A[2K[1A[2K[1A[2K[1A[2K[1A[2K[G[32m✔[39m Preparing lint-staged...
72 error [33m❯[39m Running tasks for staged files...
72 error   [33m❯[39m package.json[2m — 11 files[22m
72 error     [33m❯[39m *.{ts,js,json,md}[2m — 11 files[22m
72 error       [93m⠧[39m npm run format
72 error [2m◼[22m Applying modifications from tasks...
72 error [2m◼[22m Cleaning up temporary files...
72 error [2K[1A[2K[1A[2K[1A[2K[1A[2K[1A[2K[1A[2K[1A[2K[G[32m✔[39m Preparing lint-staged...
72 error [33m❯[39m Running tasks for staged files...
72 error   [33m❯[39m package.json[2m — 11 files[22m
72 error     [33m❯[39m *.{ts,js,json,md}[2m — 11 files[22m
72 error       [93m⠇[39m npm run format
72 error [2m◼[22m Applying modifications from tasks...
72 error [2m◼[22m Cleaning up temporary files...
72 error [2K[1A[2K[1A[2K[1A[2K[1A[2K[1A[2K[1A[2K[1A[2K[G[32m✔[39m Preparing lint-staged...
72 error [33m❯[39m Running tasks for staged files...
72 error   [33m❯[39m package.json[2m — 11 files[22m
72 error     [33m❯[39m *.{ts,js,json,md}[2m — 11 files[22m
72 error       [93m⠏[39m npm run format
72 error [2m◼[22m Applying modifications from tasks...
72 error [2m◼[22m Cleaning up temporary files...
72 error [2K[1A[2K[1A[2K[1A[2K[1A[2K[1A[2K[1A[2K[1A[2K[G[32m✔[39m Preparing lint-staged...
72 error [33m❯[39m Running tasks for staged files...
72 error   [33m❯[39m package.json[2m — 11 files[22m
72 error     [33m❯[39m *.{ts,js,json,md}[2m — 11 files[22m
72 error       [93m⠋[39m npm run format
72 error [2m◼[22m Applying modifications from tasks...
72 error [2m◼[22m Cleaning up temporary files...
72 error [2K[1A[2K[1A[2K[1A[2K[1A[2K[1A[2K[1A[2K[1A[2K[G[32m✔[39m Preparing lint-staged...
72 error [33m❯[39m Running tasks for staged files...
72 error   [33m❯[39m package.json[2m — 11 files[22m
72 error     [33m❯[39m *.{ts,js,json,md}[2m — 11 files[22m
72 error       [93m⠙[39m npm run format
72 error [2m◼[22m Applying modifications from tasks...
72 error [2m◼[22m Cleaning up temporary files...
72 error [2K[1A[2K[1A[2K[1A[2K[1A[2K[1A[2K[1A[2K[1A[2K[G[32m✔[39m Preparing lint-staged...
72 error [33m❯[39m Running tasks for staged files...
72 error   [33m❯[39m package.json[2m — 11 files[22m
72 error     [33m❯[39m *.{ts,js,json,md}[2m — 11 files[22m
72 error       [93m⠹[39m npm run format
72 error [2m◼[22m Applying modifications from tasks...
72 error [2m◼[22m Cleaning up temporary files...
72 error [2K[1A[2K[1A[2K[1A[2K[1A[2K[1A[2K[1A[2K[1A[2K[G[32m✔[39m Preparing lint-staged...
72 error [33m❯[39m Running tasks for staged files...
72 error   [33m❯[39m package.json[2m — 11 files[22m
72 error     [33m❯[39m *.{ts,js,json,md}[2m — 11 files[22m
72 error       [93m⠸[39m npm run format
72 error [2m◼[22m Applying modifications from tasks...
72 error [2m◼[22m Cleaning up temporary files...
72 error [2K[1A[2K[1A[2K[1A[2K[1A[2K[1A[2K[1A[2K[1A[2K[G[32m✔[39m Preparing lint-staged...
72 error [33m❯[39m Running tasks for staged files...
72 error   [33m❯[39m package.json[2m — 11 files[22m
72 error     [33m❯[39m *.{ts,js,json,md}[2m — 11 files[22m
72 error       [93m⠼[39m npm run format
72 error [2m◼[22m Applying modifications from tasks...
72 error [2m◼[22m Cleaning up temporary files...
72 error [2K[1A[2K[1A[2K[1A[2K[1A[2K[1A[2K[1A[2K[1A[2K[G[32m✔[39m Preparing lint-staged...
72 error [33m❯[39m Running tasks for staged files...
72 error   [33m❯[39m package.json[2m — 11 files[22m
72 error     [33m❯[39m *.{ts,js,json,md}[2m — 11 files[22m
72 error       [93m⠴[39m npm run format
72 error [2m◼[22m Applying modifications from tasks...
72 error [2m◼[22m Cleaning up temporary files...
72 error [2K[1A[2K[1A[2K[1A[2K[1A[2K[1A[2K[1A[2K[1A[2K[G[32m✔[39m Preparing lint-staged...
72 error [33m❯[39m Running tasks for staged files...
72 error   [33m❯[39m package.json[2m — 11 files[22m
72 error     [33m❯[39m *.{ts,js,json,md}[2m — 11 files[22m
72 error       [32m✔[39m npm run format
72 error [2m◼[22m Applying modifications from tasks...
72 error [2m◼[22m Cleaning up temporary files...
72 error [2K[1A[2K[1A[2K[1A[2K[1A[2K[1A[2K[1A[2K[1A[2K[G[32m✔[39m Preparing lint-staged...
72 error [33m❯[39m Running tasks for staged files...
72 error   [33m❯[39m package.json[2m — 11 files[22m
72 error     [32m✔[39m *.{ts,js,json,md}[2m — 11 files[22m
72 error [2m◼[22m Applying modifications from tasks...
72 error [2m◼[22m Cleaning up temporary files...
72 error [2K[1A[2K[1A[2K[1A[2K[1A[2K[1A[2K[1A[2K[G[32m✔[39m Preparing lint-staged...
72 error [33m❯[39m Running tasks for staged files...
72 error   [32m✔[39m package.json[2m — 11 files[22m
72 error [2m◼[22m Applying modifications from tasks...
72 error [2m◼[22m Cleaning up temporary files...
72 error [2K[1A[2K[1A[2K[1A[2K[1A[2K[1A[2K[G[32m✔[39m Preparing lint-staged...
72 error [32m✔[39m Running tasks for staged files...
72 error [2m◼[22m Applying modifications from tasks...
72 error [2m◼[22m Cleaning up temporary files...
72 error [2K[1A[2K[1A[2K[1A[2K[1A[2K[G[32m✔[39m Preparing lint-staged...
72 error [32m✔[39m Running tasks for staged files...
72 error [93m⠴[39m Applying modifications from tasks...
72 error [2m◼[22m Cleaning up temporary files...
72 error [2K[1A[2K[1A[2K[1A[2K[1A[2K[G[32m✔[39m Preparing lint-staged...
72 error [32m✔[39m Running tasks for staged files...
72 error [93m⠦[39m Applying modifications from tasks...
72 error [2m◼[22m Cleaning up temporary files...
72 error [2K[1A[2K[1A[2K[1A[2K[1A[2K[G[32m✔[39m Preparing lint-staged...
72 error [32m✔[39m Running tasks for staged files...
72 error [32m✔[39m Applying modifications from tasks...
72 error [2m◼[22m Cleaning up temporary files...
72 error [2K[1A[2K[1A[2K[1A[2K[1A[2K[G[32m✔[39m Preparing lint-staged...
72 error [32m✔[39m Running tasks for staged files...
72 error [32m✔[39m Applying modifications from tasks...
72 error [93m⠦[39m Cleaning up temporary files...
72 error [2K[1A[2K[1A[2K[1A[2K[1A[2K[G[32m✔[39m Preparing lint-staged...
72 error [32m✔[39m Running tasks for staged files...
72 error [32m✔[39m Applying modifications from tasks...
72 error [93m⠧[39m Cleaning up temporary files...
72 error [2K[1A[2K[1A[2K[1A[2K[1A[2K[G[32m✔[39m Preparing lint-staged...
72 error [32m✔[39m Running tasks for staged files...
72 error [32m✔[39m Applying modifications from tasks...
72 error [32m✔[39m Cleaning up temporary files...
72 error [2K[1A[2K[1A[2K[1A[2K[1A[2K[G[32m✔[39m Preparing lint-staged...
72 error [32m✔[39m Running tasks for staged files...
72 error [32m✔[39m Applying modifications from tasks...
72 error [32m✔[39m Cleaning up temporary files...
72 error .husky/prepare-commit-msg: line 4: /dev/tty: No such device or address
72 error     at makeError (C:\Git\playgrounds\leran-playground\node_modules\execa\lib\error.js:60:11)
72 error     at handlePromise (C:\Git\playgrounds\leran-playground\node_modules\execa\index.js:118:26)
72 error     at processTicksAndRejections (node:internal/process/task_queues:96:5)
72 error     at async Promise.all (index 0)
